TN:
SF:src\app.js
FNF:0
FNH:0
DA:1,1
DA:2,1
DA:4,1
DA:5,1
DA:6,1
DA:8,1
LF:6
LH:6
BRF:0
BRH:0
end_of_record
TN:
SF:src\controllers\todo-controller.js
FN:5,(anonymous_0)
FN:11,(anonymous_1)
FN:17,(anonymous_2)
FN:23,(anonymous_3)
FN:30,(anonymous_4)
FN:34,(anonymous_5)
FN:51,(anonymous_6)
FN:68,(anonymous_7)
FN:74,(anonymous_8)
FN:91,(anonymous_9)
FNF:10
FNH:7
FNDA:1,(anonymous_0)
FNDA:0,(anonymous_1)
FNDA:0,(anonymous_2)
FNDA:1,(anonymous_3)
FNDA:2,(anonymous_4)
FNDA:1,(anonymous_5)
FNDA:1,(anonymous_6)
FNDA:0,(anonymous_7)
FNDA:1,(anonymous_8)
FNDA:1,(anonymous_9)
DA:1,1
DA:2,1
DA:6,1
DA:11,0
DA:17,0
DA:20,1
DA:24,1
DA:25,1
DA:26,0
DA:27,0
DA:29,1
DA:30,2
DA:31,1
DA:35,1
DA:36,1
DA:37,0
DA:38,0
DA:40,1
DA:48,1
DA:52,1
DA:53,1
DA:54,0
DA:55,0
DA:57,1
DA:68,0
DA:71,1
DA:75,1
DA:76,1
DA:77,0
DA:78,0
DA:80,1
DA:88,1
DA:92,1
DA:93,1
DA:94,0
DA:95,0
DA:97,1
DA:105,1
DA:106,1
DA:108,0
DA:109,0
DA:113,1
LF:42
LH:27
BRDA:11,0,0,0
BRDA:11,0,1,0
BRDA:17,1,0,0
BRDA:17,1,1,0
BRDA:25,2,0,0
BRDA:25,2,1,1
BRDA:36,3,0,0
BRDA:36,3,1,1
BRDA:53,4,0,0
BRDA:53,4,1,1
BRDA:68,5,0,0
BRDA:68,5,1,0
BRDA:76,6,0,0
BRDA:76,6,1,1
BRDA:93,7,0,0
BRDA:93,7,1,1
BRDA:105,8,0,1
BRDA:105,8,1,0
BRF:18
BRH:6
end_of_record
TN:
SF:src\routes\todo-routes.js
FN:5,(anonymous_0)
FN:15,(anonymous_1)
FN:24,(anonymous_2)
FN:33,(anonymous_3)
FN:43,(anonymous_4)
FN:52,(anonymous_5)
FNF:6
FNH:6
FNDA:1,(anonymous_0)
FNDA:1,(anonymous_1)
FNDA:1,(anonymous_2)
FNDA:1,(anonymous_3)
FNDA:1,(anonymous_4)
FNDA:1,(anonymous_5)
DA:1,1
DA:2,1
DA:3,1
DA:5,1
DA:6,1
DA:7,1
DA:8,1
DA:9,1
DA:11,0
DA:15,1
DA:16,1
DA:17,1
DA:18,1
DA:20,0
DA:24,1
DA:25,1
DA:26,1
DA:27,1
DA:29,0
DA:33,1
DA:34,1
DA:35,1
DA:36,1
DA:37,1
DA:39,0
DA:43,1
DA:44,1
DA:45,1
DA:46,1
DA:48,0
DA:52,1
DA:53,1
DA:54,1
DA:55,1
DA:57,0
DA:61,1
LF:36
LH:30
BRF:0
BRH:0
end_of_record
TN:
SF:src\services\todo-service.js
FN:7,(anonymous_0)
FN:15,(anonymous_1)
FN:24,(anonymous_2)
FN:26,(anonymous_3)
FN:29,(anonymous_4)
FN:35,(anonymous_5)
FN:44,(anonymous_6)
FN:50,(anonymous_7)
FNF:8
FNH:8
FNDA:1,(anonymous_0)
FNDA:3,(anonymous_1)
FNDA:2,(anonymous_2)
FNDA:2,(anonymous_3)
FNDA:2,(anonymous_4)
FNDA:2,(anonymous_5)
FNDA:2,(anonymous_6)
FNDA:2,(anonymous_7)
DA:1,3
DA:2,3
DA:4,3
DA:8,1
DA:9,1
DA:11,0
DA:16,3
DA:17,1
DA:19,2
DA:20,2
DA:21,2
DA:25,2
DA:26,2
DA:30,2
DA:31,2
DA:32,2
DA:36,2
DA:37,0
DA:39,2
DA:40,2
DA:41,2
DA:45,2
DA:46,2
DA:47,2
DA:51,2
DA:52,2
DA:53,0
DA:55,2
DA:59,3
LF:29
LH:26
BRDA:16,0,0,1
BRDA:16,0,1,2
BRDA:16,1,0,3
BRDA:16,1,1,2
BRDA:36,2,0,0
BRDA:36,2,1,2
BRF:6
BRH:5
end_of_record
